----------

Sun Jun 05 2022 12:02:53 GMT-0700 (Pacific Daylight Time)

To github.com:pymoura/pymoura.github.io.git
   081c3ee..34c329f  main -> main


----------

Sun Jun 05 2022 12:03:02 GMT-0700 (Pacific Daylight Time)

To github.com:pymoura/pymoura.github.io.git
   34c329f..0c49dcd  main -> main


----------

Sun Jun 05 2022 13:27:54 GMT-0700 (Pacific Daylight Time)

To github.com:pymoura/pymoura.github.io.git


----------

Sun Jun 05 2022 13:27:54 GMT-0700 (Pacific Daylight Time)

   0c49dcd..c96d5e6  main -> main


----------

Sun Jun 05 2022 13:28:23 GMT-0700 (Pacific Daylight Time)

To github.com:pymoura/pymoura.github.io.git
   c96d5e6..614a338  main -> main


----------

Sun Jun 05 2022 14:33:46 GMT-0700 (Pacific Daylight Time)

To github.com:pymoura/pymoura.github.io.git


----------

Sun Jun 05 2022 14:33:46 GMT-0700 (Pacific Daylight Time)

 ! [rejected]        main -> main (fetch first)
error: failed to push some refs to 'github.com:pymoura/pymoura.github.io.git'
hint: Updates were rejected because the remote contains work that you do
hint: not have locally. This is usually caused by another repository pushing
hint: to the same ref. You may want to first integrate the remote changes
hint: (e.g., 'git pull ...') before pushing again.
hint: See the 'Note about fast-forwards' in 'git push --help' for details.


----------

Sun Jun 05 2022 14:39:24 GMT-0700 (Pacific Daylight Time)

To github.com:pymoura/pymoura.github.io.git


----------

Sun Jun 05 2022 14:39:24 GMT-0700 (Pacific Daylight Time)

 ! [rejected]        main -> main (fetch first)
error: failed to push some refs to 'github.com:pymoura/pymoura.github.io.git'
hint: Updates were rejected because the remote contains work that you do
hint: not have locally. This is usually caused by another repository pushing
hint: to the same ref. You may want to first integrate the remote changes
hint: (e.g., 'git pull ...') before pushing again.
hint: See the 'Note about fast-forwards' in 'git push --help' for details.


----------

Sun Jun 05 2022 14:40:21 GMT-0700 (Pacific Daylight Time)

To github.com:pymoura/pymoura.github.io.git
 ! [rejected]        main -> main (fetch first)
error: failed to push some refs to 'github.com:pymoura/pymoura.github.io.git'
hint: Updates were rejected because the remote contains work that you do
hint: not have locally. This is usually caused by another repository pushing
hint: to the same ref. You may want to first integrate the remote changes
hint: (e.g., 'git pull ...') before pushing again.
hint: See the 'Note about fast-forwards' in 'git push --help' for details.


----------

Sun Jun 05 2022 14:40:24 GMT-0700 (Pacific Daylight Time)

To github.com:pymoura/pymoura.github.io.git
 ! [rejected]        main -> main (fetch first)
error: failed to push some refs to 'github.com:pymoura/pymoura.github.io.git'
hint: Updates were rejected because the remote contains work that you do
hint: not have locally. This is usually caused by another repository pushing
hint: to the same ref. You may want to first integrate the remote changes
hint: (e.g., 'git pull ...') before pushing again.
hint: See the 'Note about fast-forwards' in 'git push --help' for details.


----------

Sun Jun 05 2022 14:42:44 GMT-0700 (Pacific Daylight Time)

To github.com:pymoura/pymoura.github.io.git
 ! [rejected]        main -> main (fetch first)
error: failed to push some refs to 'github.com:pymoura/pymoura.github.io.git'
hint: Updates were rejected because the remote contains work that you do
hint: not have locally. This is usually caused by another repository pushing
hint: to the same ref. You may want to first integrate the remote changes
hint: (e.g., 'git pull ...') before pushing again.
hint: See the 'Note about fast-forwards' in 'git push --help' for details.


----------

Sun Jun 05 2022 14:51:21 GMT-0700 (Pacific Daylight Time)

To github.com:pymoura/pymoura.github.io.git
   1e03df3..b0a190f  main -> main


----------

Mon Jun 06 2022 20:01:23 GMT-0700 (Pacific Daylight Time)

To github.com:pymoura/pymoura.github.io.git


----------

Mon Jun 06 2022 20:01:23 GMT-0700 (Pacific Daylight Time)

   b0a190f..0930048  main -> main


----------

Mon Jun 06 2022 20:02:15 GMT-0700 (Pacific Daylight Time)

To github.com:pymoura/pymoura.github.io.git
   0930048..373bef8  main -> main


----------

Mon Jun 06 2022 20:02:23 GMT-0700 (Pacific Daylight Time)

To github.com:pymoura/pymoura.github.io.git
   373bef8..d193ace  main -> main


